<?xml version="1.0" encoding="UTF-8"?>
<!-- Generated by org.testng.reporters.JUnitXMLReporter -->
<testsuite ignored="5" hostname="DESKTOP-1U1212V" failures="0" tests="4" name="GRP-smoke,sanity" time="0.044" errors="0" timestamp="2021-12-19T03:57:26 IST">
  <testcase classname="selenium.Testing1" name="test1" time="0.006"/>
  <testcase classname="selenium.Testing1" name="test2" time="0.002"/>
  <testcase classname="selenium.testing2" name="test5" time="0.001"/>
  <testcase classname="selenium.testing3" name="createUser" time="0.002"/>
  <testcase classname="selenium.Testing1" name="f" time="0.0">
    <ignored/>
  </testcase> <!-- f -->
  <testcase classname="selenium.testing2" name="test4" time="0.0">
    <ignored/>
  </testcase> <!-- test4 -->
  <testcase classname="selenium.testing3" name="editUser" time="0.0">
    <ignored/>
  </testcase> <!-- editUser -->
  <testcase classname="selenium.Testing1" name="test3" time="0.0">
    <ignored/>
  </testcase> <!-- test3 -->
  <testcase classname="selenium.testing3" name="deletUser" time="0.0">
    <ignored/>
  </testcase> <!-- deletUser -->
</testsuite> <!-- GRP-smoke,sanity -->
