<?xml version="1.0" encoding="UTF-8"?>
<!-- Generated by org.testng.reporters.JUnitXMLReporter -->
<testsuite ignored="0" hostname="DESKTOP-1U1212V" failures="0" tests="6" name="Default test" time="0.053" errors="0" timestamp="2022-05-08T22:49:01 EDT">
  <testcase classname="selenium.Testing1" name="f" time="0.005"/>
  <testcase classname="selenium.Testing1" name="f" time="0.005"/>
  <testcase classname="selenium.Testing1" name="f" time="0.008"/>
  <testcase classname="selenium.Testing1" name="test1" time="0.001"/>
  <testcase classname="selenium.Testing1" name="test2" time="0.001"/>
  <testcase classname="selenium.Testing1" name="test3" time="0.001"/>
</testsuite> <!-- Default test -->
